<?xml version="1.0" encoding="UTF-8"?>
<testng-results skipped="0" failed="0" total="1" passed="1">
  <reporter-output>
  </reporter-output>
  <suite name="Default suite" duration-ms="12691" started-at="2018-12-17T18:24:09Z" finished-at="2018-12-17T18:24:22Z">
    <groups>
    </groups>
    <test name="Default test" duration-ms="12691" started-at="2018-12-17T18:24:09Z" finished-at="2018-12-17T18:24:22Z">
      <class name="javaTest.JavaTest">
        <test-method status="PASS" signature="testResponseCode()[pri:0, instance:javaTest.JavaTest@58651fd0]" name="testResponseCode" duration-ms="12672" started-at="2018-12-17T23:54:09Z" finished-at="2018-12-17T23:54:22Z">
          <reporter-output>
          </reporter-output>
        </test-method> <!-- testResponseCode -->
      </class> <!-- javaTest.JavaTest -->
    </test> <!-- Default test -->
  </suite> <!-- Default suite -->
</testng-results>
